{
  "/home/fernando/Escritorio/practica programacion/hc-web/src/components/Hello.tsx": {
    "path": "/home/fernando/Escritorio/practica programacion/hc-web/src/components/Hello.tsx",
    "statementMap": {
      "0": {
        "start": { "line": 5, "column": 36 },
        "end": { "line": 7, "column": 1 }
      },
      "1": {
        "start": { "line": 6, "column": 2 },
        "end": { "line": 6, "column": 33 }
      }
    },
    "fnMap": {
      "0": {
        "name": "(anonymous_0)",
        "decl": {
          "start": { "line": 5, "column": 36 },
          "end": { "line": 5, "column": 37 }
        },
        "loc": {
          "start": { "line": 5, "column": 50 },
          "end": { "line": 7, "column": 1 }
        },
        "line": 5
      }
    },
    "branchMap": {},
    "s": { "0": 1, "1": 1 },
    "f": { "0": 1 },
    "b": {},
    "_coverageSchema": "1a1c01bbd47fc00a2c39e90264f33305004495a9",
    "hash": "a6db82df024974d4525e9cebfbc1534424ab3528"
  },
  "/home/fernando/Escritorio/practica programacion/hc-web/src/components/Hello2.tsx": {
    "path": "/home/fernando/Escritorio/practica programacion/hc-web/src/components/Hello2.tsx",
    "statementMap": {
      "0": {
        "start": { "line": 5, "column": 37 },
        "end": { "line": 7, "column": 1 }
      },
      "1": {
        "start": { "line": 6, "column": 2 },
        "end": { "line": 6, "column": 33 }
      }
    },
    "fnMap": {
      "0": {
        "name": "(anonymous_0)",
        "decl": {
          "start": { "line": 5, "column": 37 },
          "end": { "line": 5, "column": 38 }
        },
        "loc": {
          "start": { "line": 5, "column": 51 },
          "end": { "line": 7, "column": 1 }
        },
        "line": 5
      }
    },
    "branchMap": {},
    "s": { "0": 1, "1": 1 },
    "f": { "0": 1 },
    "b": {},
    "_coverageSchema": "1a1c01bbd47fc00a2c39e90264f33305004495a9",
    "hash": "413ff8737543c95659970fe70e64fa268856c12c"
  },
  "/home/fernando/Escritorio/practica programacion/hc-web/src/components/Hello3.tsx": {
    "path": "/home/fernando/Escritorio/practica programacion/hc-web/src/components/Hello3.tsx",
    "statementMap": {
      "0": {
        "start": { "line": 5, "column": 37 },
        "end": { "line": 7, "column": 1 }
      },
      "1": {
        "start": { "line": 6, "column": 2 },
        "end": { "line": 6, "column": 33 }
      }
    },
    "fnMap": {
      "0": {
        "name": "(anonymous_0)",
        "decl": {
          "start": { "line": 5, "column": 37 },
          "end": { "line": 5, "column": 38 }
        },
        "loc": {
          "start": { "line": 5, "column": 51 },
          "end": { "line": 7, "column": 1 }
        },
        "line": 5
      }
    },
    "branchMap": {},
    "s": { "0": 1, "1": 1 },
    "f": { "0": 1 },
    "b": {},
    "_coverageSchema": "1a1c01bbd47fc00a2c39e90264f33305004495a9",
    "hash": "6e9e57fa14577e55dfaca0f9d90f6ffd7c032dd5"
  },
  "/home/fernando/Escritorio/practica programacion/hc-web/src/modules/users/components/userList/UserList.tsx": {
    "path": "/home/fernando/Escritorio/practica programacion/hc-web/src/modules/users/components/userList/UserList.tsx",
    "statementMap": {
      "0": {
        "start": { "line": 6, "column": 34 },
        "end": { "line": 23, "column": 1 }
      },
      "1": {
        "start": { "line": 7, "column": 27 },
        "end": { "line": 7, "column": 37 }
      },
      "2": {
        "start": { "line": 9, "column": 2 },
        "end": { "line": 11, "column": 3 }
      },
      "3": {
        "start": { "line": 10, "column": 4 },
        "end": { "line": 10, "column": 26 }
      },
      "4": {
        "start": { "line": 13, "column": 2 },
        "end": { "line": 22, "column": 4 }
      },
      "5": {
        "start": { "line": 18, "column": 10 },
        "end": { "line": 18, "column": 52 }
      }
    },
    "fnMap": {
      "0": {
        "name": "(anonymous_0)",
        "decl": {
          "start": { "line": 6, "column": 34 },
          "end": { "line": 6, "column": 35 }
        },
        "loc": {
          "start": { "line": 6, "column": 40 },
          "end": { "line": 23, "column": 1 }
        },
        "line": 6
      },
      "1": {
        "name": "(anonymous_1)",
        "decl": {
          "start": { "line": 17, "column": 19 },
          "end": { "line": 17, "column": 20 }
        },
        "loc": {
          "start": { "line": 18, "column": 10 },
          "end": { "line": 18, "column": 52 }
        },
        "line": 18
      }
    },
    "branchMap": {
      "0": {
        "loc": {
          "start": { "line": 9, "column": 2 },
          "end": { "line": 11, "column": 3 }
        },
        "type": "if",
        "locations": [
          {
            "start": { "line": 9, "column": 2 },
            "end": { "line": 11, "column": 3 }
          },
          { "start": {}, "end": {} }
        ],
        "line": 9
      }
    },
    "s": { "0": 1, "1": 2, "2": 2, "3": 0, "4": 2, "5": 2 },
    "f": { "0": 2, "1": 2 },
    "b": { "0": [0, 2] },
    "_coverageSchema": "1a1c01bbd47fc00a2c39e90264f33305004495a9",
    "hash": "264d8fad55e46a25735be16321cd64fe8d916e4f"
  },
  "/home/fernando/Escritorio/practica programacion/hc-web/src/modules/users/components/userListItem/UserListItem.tsx": {
    "path": "/home/fernando/Escritorio/practica programacion/hc-web/src/modules/users/components/userListItem/UserListItem.tsx",
    "statementMap": {
      "0": {
        "start": { "line": 9, "column": 57 },
        "end": { "line": 13, "column": 1 }
      },
      "1": {
        "start": { "line": 10, "column": 2 },
        "end": { "line": 12, "column": 7 }
      }
    },
    "fnMap": {
      "0": {
        "name": "(anonymous_0)",
        "decl": {
          "start": { "line": 9, "column": 57 },
          "end": { "line": 9, "column": 58 }
        },
        "loc": {
          "start": { "line": 10, "column": 2 },
          "end": { "line": 12, "column": 7 }
        },
        "line": 10
      }
    },
    "branchMap": {},
    "s": { "0": 2, "1": 3 },
    "f": { "0": 3 },
    "b": {},
    "_coverageSchema": "1a1c01bbd47fc00a2c39e90264f33305004495a9",
    "hash": "cd71096d60e1f7f3178e171f1162df2694699f94"
  }
}
